<?xml version="1.0" encoding="UTF-8"?>
<!-- Generated by org.testng.reporters.JUnitReportReporter -->
<testsuite skipped="0" hostname="DESKTOP-NMGB7R5" name="com.petclinic.testcases.OwnerPageTest" tests="3" failures="0" timestamp="05 May 2019 08:39:09 GMT" time="2.386" errors="0">
  <testcase name="redirectFindOwnerPageTest" time="0.524" classname="com.petclinic.testcases.OwnerPageTest"/>
  <testcase name="addNewOwnerTest" time="1.128" classname="com.petclinic.testcases.OwnerPageTest"/>
  <testcase name="addOwnerPetTest" time="0.734" classname="com.petclinic.testcases.OwnerPageTest"/>
</testsuite> <!-- com.petclinic.testcases.OwnerPageTest -->
