<?xml version="1.0" encoding="UTF-8"?>
<!-- Generated by org.testng.reporters.JUnitReportReporter -->
<testsuite skipped="0" hostname="DESKTOP-NMGB7R5" name="com.petclinic.testcases.OwnerPageTest" tests="5" failures="0" timestamp="05 May 2019 12:00:08 GMT" time="5.929" errors="0">
  <testcase name="redirectFindOwnerPageTest" time="0.472" classname="com.petclinic.testcases.OwnerPageTest"/>
  <testcase name="addNewOwnerTest" time="0.962" classname="com.petclinic.testcases.OwnerPageTest"/>
  <testcase name="addOwnerPetTest" time="0.716" classname="com.petclinic.testcases.OwnerPageTest"/>
  <testcase name="searchOwnerPetTest" time="3.645" classname="com.petclinic.testcases.OwnerPageTest"/>
  <testcase name="verificationOwnerPetTest" time="0.134" classname="com.petclinic.testcases.OwnerPageTest"/>
</testsuite> <!-- com.petclinic.testcases.OwnerPageTest -->
