<?xml version="1.0" encoding="UTF-8"?>
<!-- Generated by org.testng.reporters.JUnitReportReporter -->
<testsuite skipped="0" hostname="DESKTOP-NMGB7R5" name="com.petclinic.testcases.HomePageTest" tests="2" failures="0" timestamp="05 May 2019 12:00:08 GMT" time="0.173" errors="0">
  <testcase name="validateHomePageTitle" time="0.048" classname="com.petclinic.testcases.HomePageTest"/>
  <testcase name="validatePetImageTest" time="0.125" classname="com.petclinic.testcases.HomePageTest"/>
</testsuite> <!-- com.petclinic.testcases.HomePageTest -->
